<?xml version="1.0" encoding="UTF-8"?>
<testsuite xmlns:xsi="http://www.w3.org/2001/XMLSchema-instance" xsi:noNamespaceSchemaLocation="https://maven.apache.org/surefire/maven-surefire-plugin/xsd/surefire-test-report-3.0.xsd" version="3.0" name="tqs.euromillions.EuromillionsDrawTest" time="0.067" tests="1" errors="0" skipped="0" failures="0">
  <properties>
    <property name="java.specification.version" value="17"/>
    <property name="sun.jnu.encoding" value="UTF-8"/>
    <property name="java.class.path" value="/home/pedrorrei/Desktop/faculdade/4_ano/TQS/TQS_107463/lab1/tqs_labs_euromillion_unit/target/test-classes:/home/pedrorrei/Desktop/faculdade/4_ano/TQS/TQS_107463/lab1/tqs_labs_euromillion_unit/target/classes:/home/pedrorrei/.m2/repository/org/junit/jupiter/junit-jupiter/5.9.2/junit-jupiter-5.9.2.jar:/home/pedrorrei/.m2/repository/org/junit/jupiter/junit-jupiter-api/5.9.2/junit-jupiter-api-5.9.2.jar:/home/pedrorrei/.m2/repository/org/opentest4j/opentest4j/1.2.0/opentest4j-1.2.0.jar:/home/pedrorrei/.m2/repository/org/junit/platform/junit-platform-commons/1.9.2/junit-platform-commons-1.9.2.jar:/home/pedrorrei/.m2/repository/org/apiguardian/apiguardian-api/1.1.2/apiguardian-api-1.1.2.jar:/home/pedrorrei/.m2/repository/org/junit/jupiter/junit-jupiter-params/5.9.2/junit-jupiter-params-5.9.2.jar:/home/pedrorrei/.m2/repository/org/junit/jupiter/junit-jupiter-engine/5.9.2/junit-jupiter-engine-5.9.2.jar:/home/pedrorrei/.m2/repository/org/junit/platform/junit-platform-engine/1.9.2/junit-platform-engine-1.9.2.jar:/home/pedrorrei/.m2/repository/org/slf4j/slf4j-api/2.0.6/slf4j-api-2.0.6.jar:/home/pedrorrei/.m2/repository/ch/qos/logback/logback-classic/1.4.5/logback-classic-1.4.5.jar:/home/pedrorrei/.m2/repository/ch/qos/logback/logback-core/1.4.5/logback-core-1.4.5.jar:"/>
    <property name="java.vm.vendor" value="Red Hat, Inc."/>
    <property name="sun.arch.data.model" value="64"/>
    <property name="java.vendor.url" value="https://www.redhat.com/"/>
    <property name="os.name" value="Linux"/>
    <property name="java.vm.specification.version" value="17"/>
    <property name="sun.java.launcher" value="SUN_STANDARD"/>
    <property name="user.country" value="GB"/>
    <property name="sun.boot.library.path" value="/usr/lib/jvm/java-17-openjdk-17.0.8.0.7-1.fc37.x86_64/lib"/>
    <property name="sun.java.command" value="/home/pedrorrei/Desktop/faculdade/4_ano/TQS/TQS_107463/lab1/tqs_labs_euromillion_unit/target/surefire/surefirebooter-20250221141310958_3.jar /home/pedrorrei/Desktop/faculdade/4_ano/TQS/TQS_107463/lab1/tqs_labs_euromillion_unit/target/surefire 2025-02-21T14-13-10_805-jvmRun1 surefire-20250221141310958_1tmp surefire_0-20250221141310958_2tmp"/>
    <property name="jdk.debug" value="release"/>
    <property name="surefire.test.class.path" value="/home/pedrorrei/Desktop/faculdade/4_ano/TQS/TQS_107463/lab1/tqs_labs_euromillion_unit/target/test-classes:/home/pedrorrei/Desktop/faculdade/4_ano/TQS/TQS_107463/lab1/tqs_labs_euromillion_unit/target/classes:/home/pedrorrei/.m2/repository/org/junit/jupiter/junit-jupiter/5.9.2/junit-jupiter-5.9.2.jar:/home/pedrorrei/.m2/repository/org/junit/jupiter/junit-jupiter-api/5.9.2/junit-jupiter-api-5.9.2.jar:/home/pedrorrei/.m2/repository/org/opentest4j/opentest4j/1.2.0/opentest4j-1.2.0.jar:/home/pedrorrei/.m2/repository/org/junit/platform/junit-platform-commons/1.9.2/junit-platform-commons-1.9.2.jar:/home/pedrorrei/.m2/repository/org/apiguardian/apiguardian-api/1.1.2/apiguardian-api-1.1.2.jar:/home/pedrorrei/.m2/repository/org/junit/jupiter/junit-jupiter-params/5.9.2/junit-jupiter-params-5.9.2.jar:/home/pedrorrei/.m2/repository/org/junit/jupiter/junit-jupiter-engine/5.9.2/junit-jupiter-engine-5.9.2.jar:/home/pedrorrei/.m2/repository/org/junit/platform/junit-platform-engine/1.9.2/junit-platform-engine-1.9.2.jar:/home/pedrorrei/.m2/repository/org/slf4j/slf4j-api/2.0.6/slf4j-api-2.0.6.jar:/home/pedrorrei/.m2/repository/ch/qos/logback/logback-classic/1.4.5/logback-classic-1.4.5.jar:/home/pedrorrei/.m2/repository/ch/qos/logback/logback-core/1.4.5/logback-core-1.4.5.jar:"/>
    <property name="sun.cpu.endian" value="little"/>
    <property name="user.home" value="/home/pedrorrei"/>
    <property name="user.language" value="en"/>
    <property name="java.specification.vendor" value="Oracle Corporation"/>
    <property name="java.version.date" value="2023-07-18"/>
    <property name="java.home" value="/usr/lib/jvm/java-17-openjdk-17.0.8.0.7-1.fc37.x86_64"/>
    <property name="file.separator" value="/"/>
    <property name="basedir" value="/home/pedrorrei/Desktop/faculdade/4_ano/TQS/TQS_107463/lab1/tqs_labs_euromillion_unit"/>
    <property name="java.vm.compressedOopsMode" value="Zero based"/>
    <property name="line.separator" value="&#10;"/>
    <property name="java.specification.name" value="Java Platform API Specification"/>
    <property name="java.vm.specification.vendor" value="Oracle Corporation"/>
    <property name="surefire.real.class.path" value="/home/pedrorrei/Desktop/faculdade/4_ano/TQS/TQS_107463/lab1/tqs_labs_euromillion_unit/target/surefire/surefirebooter-20250221141310958_3.jar"/>
    <property name="sun.management.compiler" value="HotSpot 64-Bit Tiered Compilers"/>
    <property name="java.runtime.version" value="17.0.8+7"/>
    <property name="user.name" value="pedrorrei"/>
    <property name="path.separator" value=":"/>
    <property name="os.version" value="6.5.12-100.fc37.x86_64"/>
    <property name="java.runtime.name" value="OpenJDK Runtime Environment"/>
    <property name="file.encoding" value="UTF-8"/>
    <property name="java.vm.name" value="OpenJDK 64-Bit Server VM"/>
    <property name="java.vendor.version" value="(Red_Hat-17.0.8.0.7-1.fc37)"/>
    <property name="localRepository" value="/home/pedrorrei/.m2/repository"/>
    <property name="java.vendor.url.bug" value="https://bugzilla.redhat.com/enter_bug.cgi?product=Fedora&amp;component=java-17-openjdk-portable&amp;version=37"/>
    <property name="java.io.tmpdir" value="/tmp"/>
    <property name="java.version" value="17.0.8"/>
    <property name="user.dir" value="/home/pedrorrei/Desktop/faculdade/4_ano/TQS/TQS_107463/lab1/tqs_labs_euromillion_unit"/>
    <property name="os.arch" value="amd64"/>
    <property name="java.vm.specification.name" value="Java Virtual Machine Specification"/>
    <property name="native.encoding" value="UTF-8"/>
    <property name="java.library.path" value="/usr/java/packages/lib:/usr/lib64:/lib64:/lib:/usr/lib"/>
    <property name="java.vm.info" value="mixed mode, sharing"/>
    <property name="java.vendor" value="Red Hat, Inc."/>
    <property name="java.vm.version" value="17.0.8+7"/>
    <property name="sun.io.unicode.encoding" value="UnicodeLittle"/>
    <property name="java.class.version" value="61.0"/>
  </properties>
  <testcase name="testCompareBetWithDrawToGetResults" classname="tqs.euromillions.EuromillionsDrawTest" time="0.045"/>
</testsuite>